<?xml version="1.0" encoding="UTF-8"?>
<testng-results ignored="0" total="1" passed="1" failed="0" skipped="0">
  <reporter-output>
  </reporter-output>
  <suite started-at="2023-10-12T11:16:51 IST" name="Default suite" finished-at="2023-10-12T11:16:51 IST" duration-ms="142">
    <groups>
    </groups>
    <test started-at="2023-10-12T11:16:51 IST" name="Default test" finished-at="2023-10-12T11:16:51 IST" duration-ms="142">
      <class name="com.app.TDD.demo.TestUsernamefeature">
        <test-method signature="UsernameTest()[pri:0, instance:com.app.TDD.demo.TestUsernamefeature@662b4c69]" started-at="2023-10-12T11:16:51 IST" name="UsernameTest" finished-at="2023-10-12T11:16:51 IST" duration-ms="25" status="PASS">
          <reporter-output>
          </reporter-output>
        </test-method> <!-- UsernameTest -->
      </class> <!-- com.app.TDD.demo.TestUsernamefeature -->
    </test> <!-- Default test -->
  </suite> <!-- Default suite -->
</testng-results>
